Checking whether the ASM_NASM compiler is GNU using "--version" did not match "(GNU assembler)|(GCC)|(Free Software Foundation)":
NASM version 2.14.02 compiled on Sep 28 2019
Checking whether the ASM_NASM compiler is Clang using "--version" did not match "(clang version)":
NASM version 2.14.02 compiled on Sep 28 2019
Checking whether the ASM_NASM compiler is AppleClang using "--version" did not match "(Apple LLVM version)":
NASM version 2.14.02 compiled on Sep 28 2019
Checking whether the ASM_NASM compiler is ARMClang using "--version" did not match "armclang":
NASM version 2.14.02 compiled on Sep 28 2019
Checking whether the ASM_NASM compiler is HP using "-V" did not match "HP C":
nasm: error: unrecognised option `-V'
type `nasm -h' for help
Checking whether the ASM_NASM compiler is Intel using "--version" did not match "(ICC)":
NASM version 2.14.02 compiled on Sep 28 2019
Checking whether the ASM_NASM compiler is SunPro using "-V" did not match "Sun C":
nasm: error: unrecognised option `-V'
type `nasm -h' for help
Checking whether the ASM_NASM compiler is XL using "-qversion" did not match "XL C":
nasm: error: unrecognised option `-q'
type `nasm -h' for help
Checking whether the ASM_NASM compiler is MSVC using "-?" did not match "Microsoft":
nasm: error: unrecognised option `-?'
type `nasm -h' for help
Checking whether the ASM_NASM compiler is TI using "-h" did not match "Texas Instruments":
usage: nasm [-@ response file] [-o outfile] [-f format] [-l listfile]
            [options...] [--] filename
    or nasm -v (or --v) for version info


Response files should contain command line parameters,
one per line.

    -t            assemble in SciTech TASM compatible mode
    -E (or -e)    preprocess only (writes output to stdout by default)
    -a            don't preprocess (assemble only)
    -M            generate Makefile dependencies on stdout
    -MG           d:o, missing files assumed generated
    -MF file      set Makefile dependency file
    -MD file      assemble and generate dependencies
    -MT file      dependency target name
    -MQ file      dependency target name (quoted)
    -MP           emit phony target

    -Zfile        redirect error messages to file
    -s            redirect error messages to stdout

    -g            generate debugging information

    -F format     select a debugging format

    -gformat      same as -g -F format

    -o outfile    write output to an outfile

    -f format     select an output format

    -l listfile   write listing to a listfile

    -Ipath        add a pathname to the include file path
    -Oflags...    optimize opcodes, immediates and branch offsets
       -O0        no optimization
       -O1        minimal optimization
       -Ox        multipass optimization (default)
       -Ov        display the number of passes executed at the end
    -Pfile        pre-include a file (also --include)
    -Dmacro[=str] pre-define a macro
    -Umacro       undefine a macro
    -Xformat      specifiy error reporting format (gnu or vc)
    -w+foo        enable warning foo (equiv. -Wfoo)
    -w-foo        disable warning foo (equiv. -Wno-foo)
    -w[+-]error[=foo]
                  promote [specific] warnings to errors
    -h            show invocation summary and exit (also --help)

   --pragma str   pre-executes a specific %pragma
   --before str   add line (usually a preprocessor statement) before the input
   --prefix str   prepend the given string to all the given string
                  to all extern, common and global symbols (also --gprefix)
   --postfix str  append the given string to all the given string
                  to all extern, common and global symbols (also --gpostfix)
   --lprefix str  prepend the given string to all other symbols
   --lpostfix str append the given string to all other symbols
   --keep-all     output files will not be removed even if an error happens
   --no-line      ignore %line directives in input
   --limit-X val  set execution limit X
                     passes          total number of passes (default unlimited)
                     stalled-passes  number of passes without forward progress (default 1000)
                     macro-levels    levels of macro expansion (default 1000000)
                     rep             %rep count (default 1000000)
                     eval            expression evaluation descent (default 1000000)
                     lines           total source lines processed (default 2000000000)

Warnings for the -W/-w options: (default in brackets)
    macro-params            macro calls with wrong parameter count [on]
    macro-selfref           cyclic macro references [off]
    macro-defaults          macros with more default than optional parameters [on]
    orphan-labels           labels alone on lines without trailing `:' [on]
    number-overflow         numeric constant does not fit [on]
    gnu-elf-extensions      using 8- or 16-bit relocation in ELF32, a GNU extension [off]
    float-overflow          floating point overflow [on]
    float-denorm            floating point denormal [off]
    float-underflow         floating point underflow [off]
    float-toolong           too many digits in floating-point number [on]
    user                    %warning directives [on]
    lock                    lock prefix on unlockable instructions [on]
    hle                     invalid hle prefixes [on]
    bnd                     invalid bnd prefixes [on]
    zext-reloc              relocation zero-extended to match output format [on]
    ptr                     non-NASM keyword used in other assemblers [on]
    bad-pragma              empty or malformed %pragma [off]
    unknown-pragma          unknown %pragma facility or directive [off]
    not-my-pragma           %pragma not applicable to this compilation [off]
    unknown-warning         unknown warning in -W/-w or warning directive [off]
    negative-rep            regative %rep count [on]
    phase                   phase error during stabilization [off]
    label-redef             label redefined to an identical value [off]
    label-redef-late        label (re)defined during code generation [error]
    other                   any warning not specifially mentioned above [on]
    all                     all possible warnings

For a list of valid output formats, use -hf.
For a list of debug formats, use -f <format> -y.
Checking whether the ASM_NASM compiler is IAR using "" did not match "IAR Assembler":
nasm: fatal: no input file specified
type `nasm -h' for help
Checking whether the ASM_NASM compiler is ARMCC using "" did not match "(ARM Compiler)|(ARM Assembler)":
nasm: fatal: no input file specified
type `nasm -h' for help
Determining size of bool failed with the following output:
Change Dir: /Users/bbarrows/repos/dynamorio/build/CMakeFiles/CMakeTmp

Run Build Command(s):/Users/bbarrows/bin/ninja cmTC_f9fa0 && [1/2] Building C object CMakeFiles/cmTC_f9fa0.dir/DR_DO_NOT_DEFINE_bool.c.o
FAILED: CMakeFiles/cmTC_f9fa0.dir/DR_DO_NOT_DEFINE_bool.c.o 
/Applications/Xcode.app/Contents/Developer/Toolchains/XcodeDefault.xctoolchain/usr/bin/clang   -isysroot /Applications/Xcode.app/Contents/Developer/Platforms/MacOSX.platform/Developer/SDKs/MacOSX10.15.sdk -o CMakeFiles/cmTC_f9fa0.dir/DR_DO_NOT_DEFINE_bool.c.o   -c /Users/bbarrows/repos/dynamorio/build/CMakeFiles/CheckTypeSize/DR_DO_NOT_DEFINE_bool.c
/Users/bbarrows/repos/dynamorio/build/CMakeFiles/CheckTypeSize/DR_DO_NOT_DEFINE_bool.c:25:12: error: use of undeclared identifier 'bool'; did you mean '_Bool'?
  ('0' + ((SIZE / 10000)%10)),
           ^
/Users/bbarrows/repos/dynamorio/build/CMakeFiles/CheckTypeSize/DR_DO_NOT_DEFINE_bool.c:23:22: note: expanded from macro 'SIZE'
#define SIZE (sizeof(bool))
                     ^
/Users/bbarrows/repos/dynamorio/build/CMakeFiles/CheckTypeSize/DR_DO_NOT_DEFINE_bool.c:25:12: error: reference to overloaded function could not be resolved; did you mean to call it?
  ('0' + ((SIZE / 10000)%10)),
           ^~~~
/Users/bbarrows/repos/dynamorio/build/CMakeFiles/CheckTypeSize/DR_DO_NOT_DEFINE_bool.c:23:21: note: expanded from macro 'SIZE'
#define SIZE (sizeof(bool))
                    ^~~~~~
/Users/bbarrows/repos/dynamorio/build/CMakeFiles/CheckTypeSize/DR_DO_NOT_DEFINE_bool.c:26:12: error: use of undeclared identifier 'bool'; did you mean '_Bool'?
  ('0' + ((SIZE / 1000)%10)),
           ^
/Users/bbarrows/repos/dynamorio/build/CMakeFiles/CheckTypeSize/DR_DO_NOT_DEFINE_bool.c:23:22: note: expanded from macro 'SIZE'
#define SIZE (sizeof(bool))
                     ^
/Users/bbarrows/repos/dynamorio/build/CMakeFiles/CheckTypeSize/DR_DO_NOT_DEFINE_bool.c:26:12: error: reference to overloaded function could not be resolved; did you mean to call it?
  ('0' + ((SIZE / 1000)%10)),
           ^~~~
/Users/bbarrows/repos/dynamorio/build/CMakeFiles/CheckTypeSize/DR_DO_NOT_DEFINE_bool.c:23:21: note: expanded from macro 'SIZE'
#define SIZE (sizeof(bool))
                    ^~~~~~
/Users/bbarrows/repos/dynamorio/build/CMakeFiles/CheckTypeSize/DR_DO_NOT_DEFINE_bool.c:27:12: error: use of undeclared identifier 'bool'; did you mean '_Bool'?
  ('0' + ((SIZE / 100)%10)),
           ^
/Users/bbarrows/repos/dynamorio/build/CMakeFiles/CheckTypeSize/DR_DO_NOT_DEFINE_bool.c:23:22: note: expanded from macro 'SIZE'
#define SIZE (sizeof(bool))
                     ^
/Users/bbarrows/repos/dynamorio/build/CMakeFiles/CheckTypeSize/DR_DO_NOT_DEFINE_bool.c:27:12: error: reference to overloaded function could not be resolved; did you mean to call it?
  ('0' + ((SIZE / 100)%10)),
           ^~~~
/Users/bbarrows/repos/dynamorio/build/CMakeFiles/CheckTypeSize/DR_DO_NOT_DEFINE_bool.c:23:21: note: expanded from macro 'SIZE'
#define SIZE (sizeof(bool))
                    ^~~~~~
/Users/bbarrows/repos/dynamorio/build/CMakeFiles/CheckTypeSize/DR_DO_NOT_DEFINE_bool.c:28:12: error: use of undeclared identifier 'bool'; did you mean '_Bool'?
  ('0' + ((SIZE / 10)%10)),
           ^
/Users/bbarrows/repos/dynamorio/build/CMakeFiles/CheckTypeSize/DR_DO_NOT_DEFINE_bool.c:23:22: note: expanded from macro 'SIZE'
#define SIZE (sizeof(bool))
                     ^
/Users/bbarrows/repos/dynamorio/build/CMakeFiles/CheckTypeSize/DR_DO_NOT_DEFINE_bool.c:28:12: error: reference to overloaded function could not be resolved; did you mean to call it?
  ('0' + ((SIZE / 10)%10)),
           ^~~~
/Users/bbarrows/repos/dynamorio/build/CMakeFiles/CheckTypeSize/DR_DO_NOT_DEFINE_bool.c:23:21: note: expanded from macro 'SIZE'
#define SIZE (sizeof(bool))
                    ^~~~~~
/Users/bbarrows/repos/dynamorio/build/CMakeFiles/CheckTypeSize/DR_DO_NOT_DEFINE_bool.c:29:12: error: use of undeclared identifier 'bool'; did you mean '_Bool'?
  ('0' +  (SIZE    % 10)),
           ^
/Users/bbarrows/repos/dynamorio/build/CMakeFiles/CheckTypeSize/DR_DO_NOT_DEFINE_bool.c:23:22: note: expanded from macro 'SIZE'
#define SIZE (sizeof(bool))
                     ^
/Users/bbarrows/repos/dynamorio/build/CMakeFiles/CheckTypeSize/DR_DO_NOT_DEFINE_bool.c:29:12: error: reference to overloaded function could not be resolved; did you mean to call it?
  ('0' +  (SIZE    % 10)),
           ^~~~
/Users/bbarrows/repos/dynamorio/build/CMakeFiles/CheckTypeSize/DR_DO_NOT_DEFINE_bool.c:23:21: note: expanded from macro 'SIZE'
#define SIZE (sizeof(bool))
                    ^~~~~~
10 errors generated.
ninja: build stopped: subcommand failed.


/Users/bbarrows/repos/dynamorio/build/CMakeFiles/CheckTypeSize/DR_DO_NOT_DEFINE_bool.c:
#include <sys/types.h>
#include <stdint.h>
#include <stddef.h>


#undef KEY
#if defined(__i386)
# define KEY '_','_','i','3','8','6'
#elif defined(__x86_64)
# define KEY '_','_','x','8','6','_','6','4'
#elif defined(__ppc__)
# define KEY '_','_','p','p','c','_','_'
#elif defined(__ppc64__)
# define KEY '_','_','p','p','c','6','4','_','_'
#elif defined(__aarch64__)
# define KEY '_','_','a','a','r','c','h','6','4','_','_'
#elif defined(__ARM_ARCH_7A__)
# define KEY '_','_','A','R','M','_','A','R','C','H','_','7','A','_','_'
#elif defined(__ARM_ARCH_7S__)
# define KEY '_','_','A','R','M','_','A','R','C','H','_','7','S','_','_'
#endif

#define SIZE (sizeof(bool))
static char info_size[] =  {'I', 'N', 'F', 'O', ':', 's','i','z','e','[',
  ('0' + ((SIZE / 10000)%10)),
  ('0' + ((SIZE / 1000)%10)),
  ('0' + ((SIZE / 100)%10)),
  ('0' + ((SIZE / 10)%10)),
  ('0' +  (SIZE    % 10)),
  ']',
#ifdef KEY
  ' ','k','e','y','[', KEY, ']',
#endif
  '\0'};

#ifdef __CLASSIC_C__
int main(argc, argv) int argc; char *argv[];
#else
int main(int argc, char *argv[])
#endif
{
  int require = 0;
  require += info_size[argc];
  (void)argv;
  return require;
}


Determining size of byte failed with the following output:
Change Dir: /Users/bbarrows/repos/dynamorio/build/CMakeFiles/CMakeTmp

Run Build Command(s):/Users/bbarrows/bin/ninja cmTC_0b086 && [1/2] Building C object CMakeFiles/cmTC_0b086.dir/DR_DO_NOT_DEFINE_byte.c.o
FAILED: CMakeFiles/cmTC_0b086.dir/DR_DO_NOT_DEFINE_byte.c.o 
/Applications/Xcode.app/Contents/Developer/Toolchains/XcodeDefault.xctoolchain/usr/bin/clang   -isysroot /Applications/Xcode.app/Contents/Developer/Platforms/MacOSX.platform/Developer/SDKs/MacOSX10.15.sdk -o CMakeFiles/cmTC_0b086.dir/DR_DO_NOT_DEFINE_byte.c.o   -c /Users/bbarrows/repos/dynamorio/build/CMakeFiles/CheckTypeSize/DR_DO_NOT_DEFINE_byte.c
/Users/bbarrows/repos/dynamorio/build/CMakeFiles/CheckTypeSize/DR_DO_NOT_DEFINE_byte.c:25:12: error: use of undeclared identifier 'byte'
  ('0' + ((SIZE / 10000)%10)),
           ^
/Users/bbarrows/repos/dynamorio/build/CMakeFiles/CheckTypeSize/DR_DO_NOT_DEFINE_byte.c:23:22: note: expanded from macro 'SIZE'
#define SIZE (sizeof(byte))
                     ^
/Users/bbarrows/repos/dynamorio/build/CMakeFiles/CheckTypeSize/DR_DO_NOT_DEFINE_byte.c:26:12: error: use of undeclared identifier 'byte'
  ('0' + ((SIZE / 1000)%10)),
           ^
/Users/bbarrows/repos/dynamorio/build/CMakeFiles/CheckTypeSize/DR_DO_NOT_DEFINE_byte.c:23:22: note: expanded from macro 'SIZE'
#define SIZE (sizeof(byte))
                     ^
/Users/bbarrows/repos/dynamorio/build/CMakeFiles/CheckTypeSize/DR_DO_NOT_DEFINE_byte.c:27:12: error: use of undeclared identifier 'byte'
  ('0' + ((SIZE / 100)%10)),
           ^
/Users/bbarrows/repos/dynamorio/build/CMakeFiles/CheckTypeSize/DR_DO_NOT_DEFINE_byte.c:23:22: note: expanded from macro 'SIZE'
#define SIZE (sizeof(byte))
                     ^
/Users/bbarrows/repos/dynamorio/build/CMakeFiles/CheckTypeSize/DR_DO_NOT_DEFINE_byte.c:28:12: error: use of undeclared identifier 'byte'
  ('0' + ((SIZE / 10)%10)),
           ^
/Users/bbarrows/repos/dynamorio/build/CMakeFiles/CheckTypeSize/DR_DO_NOT_DEFINE_byte.c:23:22: note: expanded from macro 'SIZE'
#define SIZE (sizeof(byte))
                     ^
/Users/bbarrows/repos/dynamorio/build/CMakeFiles/CheckTypeSize/DR_DO_NOT_DEFINE_byte.c:29:12: error: use of undeclared identifier 'byte'
  ('0' +  (SIZE    % 10)),
           ^
/Users/bbarrows/repos/dynamorio/build/CMakeFiles/CheckTypeSize/DR_DO_NOT_DEFINE_byte.c:23:22: note: expanded from macro 'SIZE'
#define SIZE (sizeof(byte))
                     ^
5 errors generated.
ninja: build stopped: subcommand failed.


/Users/bbarrows/repos/dynamorio/build/CMakeFiles/CheckTypeSize/DR_DO_NOT_DEFINE_byte.c:
#include <sys/types.h>
#include <stdint.h>
#include <stddef.h>


#undef KEY
#if defined(__i386)
# define KEY '_','_','i','3','8','6'
#elif defined(__x86_64)
# define KEY '_','_','x','8','6','_','6','4'
#elif defined(__ppc__)
# define KEY '_','_','p','p','c','_','_'
#elif defined(__ppc64__)
# define KEY '_','_','p','p','c','6','4','_','_'
#elif defined(__aarch64__)
# define KEY '_','_','a','a','r','c','h','6','4','_','_'
#elif defined(__ARM_ARCH_7A__)
# define KEY '_','_','A','R','M','_','A','R','C','H','_','7','A','_','_'
#elif defined(__ARM_ARCH_7S__)
# define KEY '_','_','A','R','M','_','A','R','C','H','_','7','S','_','_'
#endif

#define SIZE (sizeof(byte))
static char info_size[] =  {'I', 'N', 'F', 'O', ':', 's','i','z','e','[',
  ('0' + ((SIZE / 10000)%10)),
  ('0' + ((SIZE / 1000)%10)),
  ('0' + ((SIZE / 100)%10)),
  ('0' + ((SIZE / 10)%10)),
  ('0' +  (SIZE    % 10)),
  ']',
#ifdef KEY
  ' ','k','e','y','[', KEY, ']',
#endif
  '\0'};

#ifdef __CLASSIC_C__
int main(argc, argv) int argc; char *argv[];
#else
int main(int argc, char *argv[])
#endif
{
  int require = 0;
  require += info_size[argc];
  (void)argv;
  return require;
}


Determining size of sbyte failed with the following output:
Change Dir: /Users/bbarrows/repos/dynamorio/build/CMakeFiles/CMakeTmp

Run Build Command(s):/Users/bbarrows/bin/ninja cmTC_f5f5a && [1/2] Building C object CMakeFiles/cmTC_f5f5a.dir/DR_DO_NOT_DEFINE_sbyte.c.o
FAILED: CMakeFiles/cmTC_f5f5a.dir/DR_DO_NOT_DEFINE_sbyte.c.o 
/Applications/Xcode.app/Contents/Developer/Toolchains/XcodeDefault.xctoolchain/usr/bin/clang   -isysroot /Applications/Xcode.app/Contents/Developer/Platforms/MacOSX.platform/Developer/SDKs/MacOSX10.15.sdk -o CMakeFiles/cmTC_f5f5a.dir/DR_DO_NOT_DEFINE_sbyte.c.o   -c /Users/bbarrows/repos/dynamorio/build/CMakeFiles/CheckTypeSize/DR_DO_NOT_DEFINE_sbyte.c
/Users/bbarrows/repos/dynamorio/build/CMakeFiles/CheckTypeSize/DR_DO_NOT_DEFINE_sbyte.c:25:12: error: use of undeclared identifier 'sbyte'
  ('0' + ((SIZE / 10000)%10)),
           ^
/Users/bbarrows/repos/dynamorio/build/CMakeFiles/CheckTypeSize/DR_DO_NOT_DEFINE_sbyte.c:23:22: note: expanded from macro 'SIZE'
#define SIZE (sizeof(sbyte))
                     ^
/Users/bbarrows/repos/dynamorio/build/CMakeFiles/CheckTypeSize/DR_DO_NOT_DEFINE_sbyte.c:26:12: error: use of undeclared identifier 'sbyte'
  ('0' + ((SIZE / 1000)%10)),
           ^
/Users/bbarrows/repos/dynamorio/build/CMakeFiles/CheckTypeSize/DR_DO_NOT_DEFINE_sbyte.c:23:22: note: expanded from macro 'SIZE'
#define SIZE (sizeof(sbyte))
                     ^
/Users/bbarrows/repos/dynamorio/build/CMakeFiles/CheckTypeSize/DR_DO_NOT_DEFINE_sbyte.c:27:12: error: use of undeclared identifier 'sbyte'
  ('0' + ((SIZE / 100)%10)),
           ^
/Users/bbarrows/repos/dynamorio/build/CMakeFiles/CheckTypeSize/DR_DO_NOT_DEFINE_sbyte.c:23:22: note: expanded from macro 'SIZE'
#define SIZE (sizeof(sbyte))
                     ^
/Users/bbarrows/repos/dynamorio/build/CMakeFiles/CheckTypeSize/DR_DO_NOT_DEFINE_sbyte.c:28:12: error: use of undeclared identifier 'sbyte'
  ('0' + ((SIZE / 10)%10)),
           ^
/Users/bbarrows/repos/dynamorio/build/CMakeFiles/CheckTypeSize/DR_DO_NOT_DEFINE_sbyte.c:23:22: note: expanded from macro 'SIZE'
#define SIZE (sizeof(sbyte))
                     ^
/Users/bbarrows/repos/dynamorio/build/CMakeFiles/CheckTypeSize/DR_DO_NOT_DEFINE_sbyte.c:29:12: error: use of undeclared identifier 'sbyte'
  ('0' +  (SIZE    % 10)),
           ^
/Users/bbarrows/repos/dynamorio/build/CMakeFiles/CheckTypeSize/DR_DO_NOT_DEFINE_sbyte.c:23:22: note: expanded from macro 'SIZE'
#define SIZE (sizeof(sbyte))
                     ^
5 errors generated.
ninja: build stopped: subcommand failed.


/Users/bbarrows/repos/dynamorio/build/CMakeFiles/CheckTypeSize/DR_DO_NOT_DEFINE_sbyte.c:
#include <sys/types.h>
#include <stdint.h>
#include <stddef.h>


#undef KEY
#if defined(__i386)
# define KEY '_','_','i','3','8','6'
#elif defined(__x86_64)
# define KEY '_','_','x','8','6','_','6','4'
#elif defined(__ppc__)
# define KEY '_','_','p','p','c','_','_'
#elif defined(__ppc64__)
# define KEY '_','_','p','p','c','6','4','_','_'
#elif defined(__aarch64__)
# define KEY '_','_','a','a','r','c','h','6','4','_','_'
#elif defined(__ARM_ARCH_7A__)
# define KEY '_','_','A','R','M','_','A','R','C','H','_','7','A','_','_'
#elif defined(__ARM_ARCH_7S__)
# define KEY '_','_','A','R','M','_','A','R','C','H','_','7','S','_','_'
#endif

#define SIZE (sizeof(sbyte))
static char info_size[] =  {'I', 'N', 'F', 'O', ':', 's','i','z','e','[',
  ('0' + ((SIZE / 10000)%10)),
  ('0' + ((SIZE / 1000)%10)),
  ('0' + ((SIZE / 100)%10)),
  ('0' + ((SIZE / 10)%10)),
  ('0' +  (SIZE    % 10)),
  ']',
#ifdef KEY
  ' ','k','e','y','[', KEY, ']',
#endif
  '\0'};

#ifdef __CLASSIC_C__
int main(argc, argv) int argc; char *argv[];
#else
int main(int argc, char *argv[])
#endif
{
  int require = 0;
  require += info_size[argc];
  (void)argv;
  return require;
}


Determining size of uint32 failed with the following output:
Change Dir: /Users/bbarrows/repos/dynamorio/build/CMakeFiles/CMakeTmp

Run Build Command(s):/Users/bbarrows/bin/ninja cmTC_d20eb && [1/2] Building C object CMakeFiles/cmTC_d20eb.dir/DR_DO_NOT_DEFINE_uint32.c.o
FAILED: CMakeFiles/cmTC_d20eb.dir/DR_DO_NOT_DEFINE_uint32.c.o 
/Applications/Xcode.app/Contents/Developer/Toolchains/XcodeDefault.xctoolchain/usr/bin/clang   -isysroot /Applications/Xcode.app/Contents/Developer/Platforms/MacOSX.platform/Developer/SDKs/MacOSX10.15.sdk -o CMakeFiles/cmTC_d20eb.dir/DR_DO_NOT_DEFINE_uint32.c.o   -c /Users/bbarrows/repos/dynamorio/build/CMakeFiles/CheckTypeSize/DR_DO_NOT_DEFINE_uint32.c
/Users/bbarrows/repos/dynamorio/build/CMakeFiles/CheckTypeSize/DR_DO_NOT_DEFINE_uint32.c:25:12: error: use of undeclared identifier 'uint32'
  ('0' + ((SIZE / 10000)%10)),
           ^
/Users/bbarrows/repos/dynamorio/build/CMakeFiles/CheckTypeSize/DR_DO_NOT_DEFINE_uint32.c:23:22: note: expanded from macro 'SIZE'
#define SIZE (sizeof(uint32))
                     ^
/Users/bbarrows/repos/dynamorio/build/CMakeFiles/CheckTypeSize/DR_DO_NOT_DEFINE_uint32.c:26:12: error: use of undeclared identifier 'uint32'
  ('0' + ((SIZE / 1000)%10)),
           ^
/Users/bbarrows/repos/dynamorio/build/CMakeFiles/CheckTypeSize/DR_DO_NOT_DEFINE_uint32.c:23:22: note: expanded from macro 'SIZE'
#define SIZE (sizeof(uint32))
                     ^
/Users/bbarrows/repos/dynamorio/build/CMakeFiles/CheckTypeSize/DR_DO_NOT_DEFINE_uint32.c:27:12: error: use of undeclared identifier 'uint32'
  ('0' + ((SIZE / 100)%10)),
           ^
/Users/bbarrows/repos/dynamorio/build/CMakeFiles/CheckTypeSize/DR_DO_NOT_DEFINE_uint32.c:23:22: note: expanded from macro 'SIZE'
#define SIZE (sizeof(uint32))
                     ^
/Users/bbarrows/repos/dynamorio/build/CMakeFiles/CheckTypeSize/DR_DO_NOT_DEFINE_uint32.c:28:12: error: use of undeclared identifier 'uint32'
  ('0' + ((SIZE / 10)%10)),
           ^
/Users/bbarrows/repos/dynamorio/build/CMakeFiles/CheckTypeSize/DR_DO_NOT_DEFINE_uint32.c:23:22: note: expanded from macro 'SIZE'
#define SIZE (sizeof(uint32))
                     ^
/Users/bbarrows/repos/dynamorio/build/CMakeFiles/CheckTypeSize/DR_DO_NOT_DEFINE_uint32.c:29:12: error: use of undeclared identifier 'uint32'
  ('0' +  (SIZE    % 10)),
           ^
/Users/bbarrows/repos/dynamorio/build/CMakeFiles/CheckTypeSize/DR_DO_NOT_DEFINE_uint32.c:23:22: note: expanded from macro 'SIZE'
#define SIZE (sizeof(uint32))
                     ^
5 errors generated.
ninja: build stopped: subcommand failed.


/Users/bbarrows/repos/dynamorio/build/CMakeFiles/CheckTypeSize/DR_DO_NOT_DEFINE_uint32.c:
#include <sys/types.h>
#include <stdint.h>
#include <stddef.h>


#undef KEY
#if defined(__i386)
# define KEY '_','_','i','3','8','6'
#elif defined(__x86_64)
# define KEY '_','_','x','8','6','_','6','4'
#elif defined(__ppc__)
# define KEY '_','_','p','p','c','_','_'
#elif defined(__ppc64__)
# define KEY '_','_','p','p','c','6','4','_','_'
#elif defined(__aarch64__)
# define KEY '_','_','a','a','r','c','h','6','4','_','_'
#elif defined(__ARM_ARCH_7A__)
# define KEY '_','_','A','R','M','_','A','R','C','H','_','7','A','_','_'
#elif defined(__ARM_ARCH_7S__)
# define KEY '_','_','A','R','M','_','A','R','C','H','_','7','S','_','_'
#endif

#define SIZE (sizeof(uint32))
static char info_size[] =  {'I', 'N', 'F', 'O', ':', 's','i','z','e','[',
  ('0' + ((SIZE / 10000)%10)),
  ('0' + ((SIZE / 1000)%10)),
  ('0' + ((SIZE / 100)%10)),
  ('0' + ((SIZE / 10)%10)),
  ('0' +  (SIZE    % 10)),
  ']',
#ifdef KEY
  ' ','k','e','y','[', KEY, ']',
#endif
  '\0'};

#ifdef __CLASSIC_C__
int main(argc, argv) int argc; char *argv[];
#else
int main(int argc, char *argv[])
#endif
{
  int require = 0;
  require += info_size[argc];
  (void)argv;
  return require;
}


Determining size of uint64 failed with the following output:
Change Dir: /Users/bbarrows/repos/dynamorio/build/CMakeFiles/CMakeTmp

Run Build Command(s):/Users/bbarrows/bin/ninja cmTC_5635a && [1/2] Building C object CMakeFiles/cmTC_5635a.dir/DR_DO_NOT_DEFINE_uint64.c.o
FAILED: CMakeFiles/cmTC_5635a.dir/DR_DO_NOT_DEFINE_uint64.c.o 
/Applications/Xcode.app/Contents/Developer/Toolchains/XcodeDefault.xctoolchain/usr/bin/clang   -isysroot /Applications/Xcode.app/Contents/Developer/Platforms/MacOSX.platform/Developer/SDKs/MacOSX10.15.sdk -o CMakeFiles/cmTC_5635a.dir/DR_DO_NOT_DEFINE_uint64.c.o   -c /Users/bbarrows/repos/dynamorio/build/CMakeFiles/CheckTypeSize/DR_DO_NOT_DEFINE_uint64.c
/Users/bbarrows/repos/dynamorio/build/CMakeFiles/CheckTypeSize/DR_DO_NOT_DEFINE_uint64.c:25:12: error: use of undeclared identifier 'uint64'
  ('0' + ((SIZE / 10000)%10)),
           ^
/Users/bbarrows/repos/dynamorio/build/CMakeFiles/CheckTypeSize/DR_DO_NOT_DEFINE_uint64.c:23:22: note: expanded from macro 'SIZE'
#define SIZE (sizeof(uint64))
                     ^
/Users/bbarrows/repos/dynamorio/build/CMakeFiles/CheckTypeSize/DR_DO_NOT_DEFINE_uint64.c:26:12: error: use of undeclared identifier 'uint64'
  ('0' + ((SIZE / 1000)%10)),
           ^
/Users/bbarrows/repos/dynamorio/build/CMakeFiles/CheckTypeSize/DR_DO_NOT_DEFINE_uint64.c:23:22: note: expanded from macro 'SIZE'
#define SIZE (sizeof(uint64))
                     ^
/Users/bbarrows/repos/dynamorio/build/CMakeFiles/CheckTypeSize/DR_DO_NOT_DEFINE_uint64.c:27:12: error: use of undeclared identifier 'uint64'
  ('0' + ((SIZE / 100)%10)),
           ^
/Users/bbarrows/repos/dynamorio/build/CMakeFiles/CheckTypeSize/DR_DO_NOT_DEFINE_uint64.c:23:22: note: expanded from macro 'SIZE'
#define SIZE (sizeof(uint64))
                     ^
/Users/bbarrows/repos/dynamorio/build/CMakeFiles/CheckTypeSize/DR_DO_NOT_DEFINE_uint64.c:28:12: error: use of undeclared identifier 'uint64'
  ('0' + ((SIZE / 10)%10)),
           ^
/Users/bbarrows/repos/dynamorio/build/CMakeFiles/CheckTypeSize/DR_DO_NOT_DEFINE_uint64.c:23:22: note: expanded from macro 'SIZE'
#define SIZE (sizeof(uint64))
                     ^
/Users/bbarrows/repos/dynamorio/build/CMakeFiles/CheckTypeSize/DR_DO_NOT_DEFINE_uint64.c:29:12: error: use of undeclared identifier 'uint64'
  ('0' +  (SIZE    % 10)),
           ^
/Users/bbarrows/repos/dynamorio/build/CMakeFiles/CheckTypeSize/DR_DO_NOT_DEFINE_uint64.c:23:22: note: expanded from macro 'SIZE'
#define SIZE (sizeof(uint64))
                     ^
5 errors generated.
ninja: build stopped: subcommand failed.


/Users/bbarrows/repos/dynamorio/build/CMakeFiles/CheckTypeSize/DR_DO_NOT_DEFINE_uint64.c:
#include <sys/types.h>
#include <stdint.h>
#include <stddef.h>


#undef KEY
#if defined(__i386)
# define KEY '_','_','i','3','8','6'
#elif defined(__x86_64)
# define KEY '_','_','x','8','6','_','6','4'
#elif defined(__ppc__)
# define KEY '_','_','p','p','c','_','_'
#elif defined(__ppc64__)
# define KEY '_','_','p','p','c','6','4','_','_'
#elif defined(__aarch64__)
# define KEY '_','_','a','a','r','c','h','6','4','_','_'
#elif defined(__ARM_ARCH_7A__)
# define KEY '_','_','A','R','M','_','A','R','C','H','_','7','A','_','_'
#elif defined(__ARM_ARCH_7S__)
# define KEY '_','_','A','R','M','_','A','R','C','H','_','7','S','_','_'
#endif

#define SIZE (sizeof(uint64))
static char info_size[] =  {'I', 'N', 'F', 'O', ':', 's','i','z','e','[',
  ('0' + ((SIZE / 10000)%10)),
  ('0' + ((SIZE / 1000)%10)),
  ('0' + ((SIZE / 100)%10)),
  ('0' + ((SIZE / 10)%10)),
  ('0' +  (SIZE    % 10)),
  ']',
#ifdef KEY
  ' ','k','e','y','[', KEY, ']',
#endif
  '\0'};

#ifdef __CLASSIC_C__
int main(argc, argv) int argc; char *argv[];
#else
int main(int argc, char *argv[])
#endif
{
  int require = 0;
  require += info_size[argc];
  (void)argv;
  return require;
}


Determining size of int32 failed with the following output:
Change Dir: /Users/bbarrows/repos/dynamorio/build/CMakeFiles/CMakeTmp

Run Build Command(s):/Users/bbarrows/bin/ninja cmTC_3cb21 && [1/2] Building C object CMakeFiles/cmTC_3cb21.dir/DR_DO_NOT_DEFINE_int32.c.o
FAILED: CMakeFiles/cmTC_3cb21.dir/DR_DO_NOT_DEFINE_int32.c.o 
/Applications/Xcode.app/Contents/Developer/Toolchains/XcodeDefault.xctoolchain/usr/bin/clang   -isysroot /Applications/Xcode.app/Contents/Developer/Platforms/MacOSX.platform/Developer/SDKs/MacOSX10.15.sdk -o CMakeFiles/cmTC_3cb21.dir/DR_DO_NOT_DEFINE_int32.c.o   -c /Users/bbarrows/repos/dynamorio/build/CMakeFiles/CheckTypeSize/DR_DO_NOT_DEFINE_int32.c
/Users/bbarrows/repos/dynamorio/build/CMakeFiles/CheckTypeSize/DR_DO_NOT_DEFINE_int32.c:25:12: error: use of undeclared identifier 'int32'
  ('0' + ((SIZE / 10000)%10)),
           ^
/Users/bbarrows/repos/dynamorio/build/CMakeFiles/CheckTypeSize/DR_DO_NOT_DEFINE_int32.c:23:22: note: expanded from macro 'SIZE'
#define SIZE (sizeof(int32))
                     ^
/Users/bbarrows/repos/dynamorio/build/CMakeFiles/CheckTypeSize/DR_DO_NOT_DEFINE_int32.c:26:12: error: use of undeclared identifier 'int32'
  ('0' + ((SIZE / 1000)%10)),
           ^
/Users/bbarrows/repos/dynamorio/build/CMakeFiles/CheckTypeSize/DR_DO_NOT_DEFINE_int32.c:23:22: note: expanded from macro 'SIZE'
#define SIZE (sizeof(int32))
                     ^
/Users/bbarrows/repos/dynamorio/build/CMakeFiles/CheckTypeSize/DR_DO_NOT_DEFINE_int32.c:27:12: error: use of undeclared identifier 'int32'
  ('0' + ((SIZE / 100)%10)),
           ^
/Users/bbarrows/repos/dynamorio/build/CMakeFiles/CheckTypeSize/DR_DO_NOT_DEFINE_int32.c:23:22: note: expanded from macro 'SIZE'
#define SIZE (sizeof(int32))
                     ^
/Users/bbarrows/repos/dynamorio/build/CMakeFiles/CheckTypeSize/DR_DO_NOT_DEFINE_int32.c:28:12: error: use of undeclared identifier 'int32'
  ('0' + ((SIZE / 10)%10)),
           ^
/Users/bbarrows/repos/dynamorio/build/CMakeFiles/CheckTypeSize/DR_DO_NOT_DEFINE_int32.c:23:22: note: expanded from macro 'SIZE'
#define SIZE (sizeof(int32))
                     ^
/Users/bbarrows/repos/dynamorio/build/CMakeFiles/CheckTypeSize/DR_DO_NOT_DEFINE_int32.c:29:12: error: use of undeclared identifier 'int32'
  ('0' +  (SIZE    % 10)),
           ^
/Users/bbarrows/repos/dynamorio/build/CMakeFiles/CheckTypeSize/DR_DO_NOT_DEFINE_int32.c:23:22: note: expanded from macro 'SIZE'
#define SIZE (sizeof(int32))
                     ^
5 errors generated.
ninja: build stopped: subcommand failed.


/Users/bbarrows/repos/dynamorio/build/CMakeFiles/CheckTypeSize/DR_DO_NOT_DEFINE_int32.c:
#include <sys/types.h>
#include <stdint.h>
#include <stddef.h>


#undef KEY
#if defined(__i386)
# define KEY '_','_','i','3','8','6'
#elif defined(__x86_64)
# define KEY '_','_','x','8','6','_','6','4'
#elif defined(__ppc__)
# define KEY '_','_','p','p','c','_','_'
#elif defined(__ppc64__)
# define KEY '_','_','p','p','c','6','4','_','_'
#elif defined(__aarch64__)
# define KEY '_','_','a','a','r','c','h','6','4','_','_'
#elif defined(__ARM_ARCH_7A__)
# define KEY '_','_','A','R','M','_','A','R','C','H','_','7','A','_','_'
#elif defined(__ARM_ARCH_7S__)
# define KEY '_','_','A','R','M','_','A','R','C','H','_','7','S','_','_'
#endif

#define SIZE (sizeof(int32))
static char info_size[] =  {'I', 'N', 'F', 'O', ':', 's','i','z','e','[',
  ('0' + ((SIZE / 10000)%10)),
  ('0' + ((SIZE / 1000)%10)),
  ('0' + ((SIZE / 100)%10)),
  ('0' + ((SIZE / 10)%10)),
  ('0' +  (SIZE    % 10)),
  ']',
#ifdef KEY
  ' ','k','e','y','[', KEY, ']',
#endif
  '\0'};

#ifdef __CLASSIC_C__
int main(argc, argv) int argc; char *argv[];
#else
int main(int argc, char *argv[])
#endif
{
  int require = 0;
  require += info_size[argc];
  (void)argv;
  return require;
}


Determining size of int64 failed with the following output:
Change Dir: /Users/bbarrows/repos/dynamorio/build/CMakeFiles/CMakeTmp

Run Build Command(s):/Users/bbarrows/bin/ninja cmTC_367c1 && [1/2] Building C object CMakeFiles/cmTC_367c1.dir/DR_DO_NOT_DEFINE_int64.c.o
FAILED: CMakeFiles/cmTC_367c1.dir/DR_DO_NOT_DEFINE_int64.c.o 
/Applications/Xcode.app/Contents/Developer/Toolchains/XcodeDefault.xctoolchain/usr/bin/clang   -isysroot /Applications/Xcode.app/Contents/Developer/Platforms/MacOSX.platform/Developer/SDKs/MacOSX10.15.sdk -o CMakeFiles/cmTC_367c1.dir/DR_DO_NOT_DEFINE_int64.c.o   -c /Users/bbarrows/repos/dynamorio/build/CMakeFiles/CheckTypeSize/DR_DO_NOT_DEFINE_int64.c
/Users/bbarrows/repos/dynamorio/build/CMakeFiles/CheckTypeSize/DR_DO_NOT_DEFINE_int64.c:25:12: error: use of undeclared identifier 'int64'
  ('0' + ((SIZE / 10000)%10)),
           ^
/Users/bbarrows/repos/dynamorio/build/CMakeFiles/CheckTypeSize/DR_DO_NOT_DEFINE_int64.c:23:22: note: expanded from macro 'SIZE'
#define SIZE (sizeof(int64))
                     ^
/Users/bbarrows/repos/dynamorio/build/CMakeFiles/CheckTypeSize/DR_DO_NOT_DEFINE_int64.c:26:12: error: use of undeclared identifier 'int64'
  ('0' + ((SIZE / 1000)%10)),
           ^
/Users/bbarrows/repos/dynamorio/build/CMakeFiles/CheckTypeSize/DR_DO_NOT_DEFINE_int64.c:23:22: note: expanded from macro 'SIZE'
#define SIZE (sizeof(int64))
                     ^
/Users/bbarrows/repos/dynamorio/build/CMakeFiles/CheckTypeSize/DR_DO_NOT_DEFINE_int64.c:27:12: error: use of undeclared identifier 'int64'
  ('0' + ((SIZE / 100)%10)),
           ^
/Users/bbarrows/repos/dynamorio/build/CMakeFiles/CheckTypeSize/DR_DO_NOT_DEFINE_int64.c:23:22: note: expanded from macro 'SIZE'
#define SIZE (sizeof(int64))
                     ^
/Users/bbarrows/repos/dynamorio/build/CMakeFiles/CheckTypeSize/DR_DO_NOT_DEFINE_int64.c:28:12: error: use of undeclared identifier 'int64'
  ('0' + ((SIZE / 10)%10)),
           ^
/Users/bbarrows/repos/dynamorio/build/CMakeFiles/CheckTypeSize/DR_DO_NOT_DEFINE_int64.c:23:22: note: expanded from macro 'SIZE'
#define SIZE (sizeof(int64))
                     ^
/Users/bbarrows/repos/dynamorio/build/CMakeFiles/CheckTypeSize/DR_DO_NOT_DEFINE_int64.c:29:12: error: use of undeclared identifier 'int64'
  ('0' +  (SIZE    % 10)),
           ^
/Users/bbarrows/repos/dynamorio/build/CMakeFiles/CheckTypeSize/DR_DO_NOT_DEFINE_int64.c:23:22: note: expanded from macro 'SIZE'
#define SIZE (sizeof(int64))
                     ^
5 errors generated.
ninja: build stopped: subcommand failed.


/Users/bbarrows/repos/dynamorio/build/CMakeFiles/CheckTypeSize/DR_DO_NOT_DEFINE_int64.c:
#include <sys/types.h>
#include <stdint.h>
#include <stddef.h>


#undef KEY
#if defined(__i386)
# define KEY '_','_','i','3','8','6'
#elif defined(__x86_64)
# define KEY '_','_','x','8','6','_','6','4'
#elif defined(__ppc__)
# define KEY '_','_','p','p','c','_','_'
#elif defined(__ppc64__)
# define KEY '_','_','p','p','c','6','4','_','_'
#elif defined(__aarch64__)
# define KEY '_','_','a','a','r','c','h','6','4','_','_'
#elif defined(__ARM_ARCH_7A__)
# define KEY '_','_','A','R','M','_','A','R','C','H','_','7','A','_','_'
#elif defined(__ARM_ARCH_7S__)
# define KEY '_','_','A','R','M','_','A','R','C','H','_','7','S','_','_'
#endif

#define SIZE (sizeof(int64))
static char info_size[] =  {'I', 'N', 'F', 'O', ':', 's','i','z','e','[',
  ('0' + ((SIZE / 10000)%10)),
  ('0' + ((SIZE / 1000)%10)),
  ('0' + ((SIZE / 100)%10)),
  ('0' + ((SIZE / 10)%10)),
  ('0' +  (SIZE    % 10)),
  ']',
#ifdef KEY
  ' ','k','e','y','[', KEY, ']',
#endif
  '\0'};

#ifdef __CLASSIC_C__
int main(argc, argv) int argc; char *argv[];
#else
int main(int argc, char *argv[])
#endif
{
  int require = 0;
  require += info_size[argc];
  (void)argv;
  return require;
}


Performing C++ SOURCE FILE Test suggest_override_avail failed with the following output:
Change Dir: /Users/bbarrows/repos/dynamorio/build/CMakeFiles/CMakeTmp

Run Build Command(s):/Users/bbarrows/bin/ninja cmTC_d9361 && [1/2] Building CXX object CMakeFiles/cmTC_d9361.dir/src.cxx.o
warning: unknown warning option '-Wsuggest-override'; did you mean '-Wshift-overflow'? [-Wunknown-warning-option]
1 warning generated.
[2/2] Linking CXX executable cmTC_d9361


Source file was:
int main() { return 0; }
